[
    {
        "state": true,
        "title": "Controller folder created",
        "text": ""
    },
    {
        "state": true,
        "title": "Example controller created",
        "text": ""
    },
    {
        "state": true,
        "title": "Example controller loaded",
        "text": ""
    },
    {
        "state": true,
        "title": "Views folder created",
        "text": ""
    },
    {
        "state": true,
        "title": "User assets copied",
        "text": ""
    },
    {
        "state": true,
        "title": "Admin settings copied",
        "text": ""
    },
    {
        "state": true,
        "title": "Settings created",
        "text": ""
    }
]